{"X:\\Workspace\\Tienda\\server\\src\\application\\usesCasesModules.ts": {"path":"X:\\Workspace\\Tienda\\server\\src\\application\\usesCasesModules.ts","all":false,"statementMap":{"0":{"start":{"line":1,"column":0},"end":{"line":1,"column":93}},"1":{"start":{"line":2,"column":0},"end":{"line":2,"column":61}},"2":{"start":{"line":3,"column":0},"end":{"line":3,"column":63}},"3":{"start":{"line":4,"column":0},"end":{"line":4,"column":77}},"4":{"start":{"line":5,"column":0},"end":{"line":5,"column":77}},"5":{"start":{"line":6,"column":0},"end":{"line":6,"column":75}},"6":{"start":{"line":7,"column":0},"end":{"line":7,"column":57}},"7":{"start":{"line":8,"column":0},"end":{"line":8,"column":57}},"8":{"start":{"line":9,"column":0},"end":{"line":9,"column":71}},"9":{"start":{"line":10,"column":0},"end":{"line":10,"column":0}},"10":{"start":{"line":11,"column":0},"end":{"line":11,"column":8}},"11":{"start":{"line":12,"column":0},"end":{"line":12,"column":29}},"12":{"start":{"line":13,"column":0},"end":{"line":13,"column":22}},"13":{"start":{"line":14,"column":0},"end":{"line":14,"column":20}},"14":{"start":{"line":15,"column":0},"end":{"line":15,"column":12}},"15":{"start":{"line":16,"column":0},"end":{"line":16,"column":17}},"16":{"start":{"line":17,"column":0},"end":{"line":17,"column":17}},"17":{"start":{"line":18,"column":0},"end":{"line":18,"column":20}},"18":{"start":{"line":19,"column":0},"end":{"line":19,"column":20}},"19":{"start":{"line":20,"column":0},"end":{"line":20,"column":14}},"20":{"start":{"line":21,"column":0},"end":{"line":21,"column":2}}},"s":{"0":1,"1":1,"2":1,"3":1,"4":1,"5":1,"6":1,"7":1,"8":1,"9":1,"10":1,"11":1,"12":1,"13":1,"14":1,"15":1,"16":1,"17":1,"18":1,"19":1,"20":1},"branchMap":{"0":{"type":"branch","line":12,"loc":{"start":{"line":12,"column":2},"end":{"line":12,"column":28}},"locations":[{"start":{"line":12,"column":2},"end":{"line":12,"column":28}}]},"1":{"type":"branch","line":13,"loc":{"start":{"line":13,"column":2},"end":{"line":13,"column":21}},"locations":[{"start":{"line":13,"column":2},"end":{"line":13,"column":21}}]},"2":{"type":"branch","line":14,"loc":{"start":{"line":14,"column":2},"end":{"line":14,"column":19}},"locations":[{"start":{"line":14,"column":2},"end":{"line":14,"column":19}}]},"3":{"type":"branch","line":15,"loc":{"start":{"line":15,"column":2},"end":{"line":15,"column":11}},"locations":[{"start":{"line":15,"column":2},"end":{"line":15,"column":11}}]}},"b":{"0":[1],"1":[4],"2":[3],"3":[3]},"fnMap":{"0":{"name":"get","decl":{"start":{"line":12,"column":2},"end":{"line":12,"column":28}},"loc":{"start":{"line":12,"column":2},"end":{"line":12,"column":28}},"line":12},"1":{"name":"get","decl":{"start":{"line":20,"column":2},"end":{"line":20,"column":13}},"loc":{"start":{"line":20,"column":2},"end":{"line":20,"column":13}},"line":20},"2":{"name":"get","decl":{"start":{"line":13,"column":2},"end":{"line":13,"column":21}},"loc":{"start":{"line":13,"column":2},"end":{"line":13,"column":21}},"line":13},"3":{"name":"get","decl":{"start":{"line":14,"column":2},"end":{"line":14,"column":19}},"loc":{"start":{"line":14,"column":2},"end":{"line":14,"column":19}},"line":14},"4":{"name":"get","decl":{"start":{"line":15,"column":2},"end":{"line":15,"column":11}},"loc":{"start":{"line":15,"column":2},"end":{"line":15,"column":11}},"line":15}},"f":{"0":1,"1":0,"2":4,"3":3,"4":3}}
}
